<?xml version="1.0" encoding="UTF-8"?>
<!-- Generated by org.testng.reporters.JUnitReportReporter -->
<testsuite hostname="bujji" name="RadhaPracticeHTMLPages.dropdown" tests="1" failures="0" timestamp="14 Sep 2019 13:40:25 GMT" time="43.041" errors="0">
  <testcase name="radioButtonActions" time="43.041" classname="RadhaPracticeHTMLPages.dropdown"/>
</testsuite> <!-- RadhaPracticeHTMLPages.dropdown -->
