<?xml version="1.0" encoding="UTF-8"?>
<!-- Generated by org.testng.reporters.JUnitReportReporter -->
<testsuite hostname="bujji" name="RadhaPracticeSelenium.Sample_Login_Page_To_Read_From_Config" tests="1" failures="0" timestamp="12 Sep 2019 03:15:11 GMT" time="16.923" errors="0">
  <testcase name="login" time="16.923" classname="RadhaPracticeSelenium.Sample_Login_Page_To_Read_From_Config"/>
</testsuite> <!-- RadhaPracticeSelenium.Sample_Login_Page_To_Read_From_Config -->
