<?xml version="1.0" encoding="UTF-8"?>
<!-- Generated by org.testng.reporters.JUnitReportReporter -->
<testsuite hostname="bujji" name="RadhaPracticeHTMLPages.clickdropdown" tests="1" failures="0" timestamp="14 Sep 2019 14:03:47 GMT" time="31.815" errors="0">
  <testcase name="clickDD" time="31.815" classname="RadhaPracticeHTMLPages.clickdropdown"/>
</testsuite> <!-- RadhaPracticeHTMLPages.clickdropdown -->
